<?xml version="1.0" encoding="UTF-8"?>
<!-- Generated by org.testng.reporters.JUnitReportReporter -->
<testsuite hostname="MyNotebookPro44" failures="0" tests="1" name="Testcases.testcaseforproductsfeatured" time="15.554" errors="0" timestamp="2023-01-01T22:51:19 IST" skipped="0">
  <testcase classname="Testcases.testcaseforproductsfeatured" name="verifyproductsaddtocartprice" time="15.554"/>
  <system-out/>
</testsuite> <!-- Testcases.testcaseforproductsfeatured -->
