<?xml version="1.0" encoding="UTF-8"?>
<!-- Generated by org.testng.reporters.JUnitReportReporter -->
<testsuite hostname="MyNotebookPro44" failures="0" tests="1" name="Testcases.testcaseforproductsfeatured" time="42.485" errors="0" timestamp="2023-01-26T19:04:52 IST" skipped="0">
  <testcase classname="Testcases.testcaseforproductsfeatured" name="verifyproductsaddtocartprice" time="42.485"/>
  <system-out/>
</testsuite> <!-- Testcases.testcaseforproductsfeatured -->
